id name Cecilia Enhanced v0.2.0
id author GitHub Copilot
option name Hash type spin default 64 min 1 max 2048
option name Threads type spin default 4 min 1 max 32
option name Depth type spin default 8 min 1 max 20
option name AIType type combo default minimax var deepsearch var lookahead var minimax var negamax var negascout var simple_search var random
option name Logging type check default false
option name TranspositionTable type check default true
option name OpeningBook type check default true
uciok
Traceback (most recent call last):
  File "uci_interface.py", line 65, in create_engine
  File "evaluation_engine.py", line 142, in __init__
  File "evaluation_engine.py", line 178, in _get_ai_config
KeyError: 'engine'

During handling of the above exception, another exception occurred:

Traceback (most recent call last):
  File "uci_interface.py", line 400, in <module>
  File "uci_interface.py", line 78, in run
  File "uci_interface.py", line 95, in handle_command
  File "uci_interface.py", line 129, in handle_isready
  File "uci_interface.py", line 70, in create_engine
  File "evaluation_engine.py", line 142, in __init__
  File "evaluation_engine.py", line 178, in _get_ai_config
KeyError: 'engine'
[1056] Failed to execute script 'uci_interface' due to unhandled exception!
Error loading config: expected '<document start>', but found '<block mapping start>'
  in "C:\Users\patss\AppData\Local\Temp\_MEI168282\config.yaml", line 5, column 1
Error loading config: expected '<document start>', but found '<block mapping start>'
  in "C:\Users\patss\AppData\Local\Temp\_MEI168282\config.yaml", line 5, column 1